<?xml version="1.0" encoding="UTF-8"?>
<testsuite xmlns:xsi="http://www.w3.org/2001/XMLSchema-instance" xsi:noNamespaceSchemaLocation="https://maven.apache.org/surefire/maven-surefire-plugin/xsd/surefire-test-report-3.0.xsd" version="3.0" name="runners.RunnerClass" time="357.519" tests="17" errors="0" skipped="0" failures="0">
  <properties>
    <property name="java.specification.version" value="17"/>
    <property name="sun.cpu.isalist" value="amd64"/>
    <property name="sun.jnu.encoding" value="Cp1252"/>
    <property name="java.class.path" value="C:\Users\ahmed\OneDrive\Desktop\Group Project\Group1B17\target\test-classes;C:\Users\ahmed\OneDrive\Desktop\Group Project\Group1B17\target\classes;C:\Users\ahmed\.m2\repository\org\seleniumhq\selenium\selenium-java\4.11.0\selenium-java-4.11.0.jar;C:\Users\ahmed\.m2\repository\org\seleniumhq\selenium\selenium-api\4.11.0\selenium-api-4.11.0.jar;C:\Users\ahmed\.m2\repository\org\seleniumhq\selenium\selenium-chrome-driver\4.11.0\selenium-chrome-driver-4.11.0.jar;C:\Users\ahmed\.m2\repository\com\google\auto\service\auto-service-annotations\1.0.1\auto-service-annotations-1.0.1.jar;C:\Users\ahmed\.m2\repository\com\google\guava\guava\31.1-jre\guava-31.1-jre.jar;C:\Users\ahmed\.m2\repository\com\google\guava\failureaccess\1.0.1\failureaccess-1.0.1.jar;C:\Users\ahmed\.m2\repository\com\google\guava\listenablefuture\9999.0-empty-to-avoid-conflict-with-guava\listenablefuture-9999.0-empty-to-avoid-conflict-with-guava.jar;C:\Users\ahmed\.m2\repository\com\google\code\findbugs\jsr305\3.0.2\jsr305-3.0.2.jar;C:\Users\ahmed\.m2\repository\org\checkerframework\checker-qual\3.12.0\checker-qual-3.12.0.jar;C:\Users\ahmed\.m2\repository\com\google\errorprone\error_prone_annotations\2.11.0\error_prone_annotations-2.11.0.jar;C:\Users\ahmed\.m2\repository\com\google\j2objc\j2objc-annotations\1.3\j2objc-annotations-1.3.jar;C:\Users\ahmed\.m2\repository\org\seleniumhq\selenium\selenium-chromium-driver\4.11.0\selenium-chromium-driver-4.11.0.jar;C:\Users\ahmed\.m2\repository\org\seleniumhq\selenium\selenium-json\4.11.0\selenium-json-4.11.0.jar;C:\Users\ahmed\.m2\repository\org\seleniumhq\selenium\selenium-manager\4.11.0\selenium-manager-4.11.0.jar;C:\Users\ahmed\.m2\repository\org\seleniumhq\selenium\selenium-devtools-v113\4.11.0\selenium-devtools-v113-4.11.0.jar;C:\Users\ahmed\.m2\repository\org\seleniumhq\selenium\selenium-devtools-v114\4.11.0\selenium-devtools-v114-4.11.0.jar;C:\Users\ahmed\.m2\repository\org\seleniumhq\selenium\selenium-devtools-v115\4.11.0\selenium-devtools-v115-4.11.0.jar;C:\Users\ahmed\.m2\repository\org\seleniumhq\selenium\selenium-devtools-v85\4.11.0\selenium-devtools-v85-4.11.0.jar;C:\Users\ahmed\.m2\repository\org\seleniumhq\selenium\selenium-edge-driver\4.11.0\selenium-edge-driver-4.11.0.jar;C:\Users\ahmed\.m2\repository\org\seleniumhq\selenium\selenium-firefox-driver\4.11.0\selenium-firefox-driver-4.11.0.jar;C:\Users\ahmed\.m2\repository\org\seleniumhq\selenium\selenium-http\4.11.0\selenium-http-4.11.0.jar;C:\Users\ahmed\.m2\repository\dev\failsafe\failsafe\3.3.1\failsafe-3.3.1.jar;C:\Users\ahmed\.m2\repository\org\seleniumhq\selenium\selenium-ie-driver\4.11.0\selenium-ie-driver-4.11.0.jar;C:\Users\ahmed\.m2\repository\org\seleniumhq\selenium\selenium-remote-driver\4.11.0\selenium-remote-driver-4.11.0.jar;C:\Users\ahmed\.m2\repository\io\netty\netty-buffer\4.1.92.Final\netty-buffer-4.1.92.Final.jar;C:\Users\ahmed\.m2\repository\io\netty\netty-codec-http\4.1.92.Final\netty-codec-http-4.1.92.Final.jar;C:\Users\ahmed\.m2\repository\io\netty\netty-codec\4.1.92.Final\netty-codec-4.1.92.Final.jar;C:\Users\ahmed\.m2\repository\io\netty\netty-handler\4.1.92.Final\netty-handler-4.1.92.Final.jar;C:\Users\ahmed\.m2\repository\io\netty\netty-common\4.1.92.Final\netty-common-4.1.92.Final.jar;C:\Users\ahmed\.m2\repository\io\netty\netty-transport-classes-epoll\4.1.92.Final\netty-transport-classes-epoll-4.1.92.Final.jar;C:\Users\ahmed\.m2\repository\io\netty\netty-transport-classes-kqueue\4.1.92.Final\netty-transport-classes-kqueue-4.1.92.Final.jar;C:\Users\ahmed\.m2\repository\io\netty\netty-transport-native-epoll\4.1.92.Final\netty-transport-native-epoll-4.1.92.Final.jar;C:\Users\ahmed\.m2\repository\io\netty\netty-transport-native-kqueue\4.1.92.Final\netty-transport-native-kqueue-4.1.92.Final.jar;C:\Users\ahmed\.m2\repository\io\netty\netty-transport-native-unix-common\4.1.92.Final\netty-transport-native-unix-common-4.1.92.Final.jar;C:\Users\ahmed\.m2\repository\io\netty\netty-transport\4.1.92.Final\netty-transport-4.1.92.Final.jar;C:\Users\ahmed\.m2\repository\io\netty\netty-resolver\4.1.92.Final\netty-resolver-4.1.92.Final.jar;C:\Users\ahmed\.m2\repository\io\opentelemetry\opentelemetry-api\1.26.0\opentelemetry-api-1.26.0.jar;C:\Users\ahmed\.m2\repository\io\opentelemetry\opentelemetry-context\1.26.0\opentelemetry-context-1.26.0.jar;C:\Users\ahmed\.m2\repository\io\opentelemetry\opentelemetry-exporter-logging\1.26.0\opentelemetry-exporter-logging-1.26.0.jar;C:\Users\ahmed\.m2\repository\io\opentelemetry\opentelemetry-sdk-metrics\1.26.0\opentelemetry-sdk-metrics-1.26.0.jar;C:\Users\ahmed\.m2\repository\io\opentelemetry\opentelemetry-extension-incubator\1.26.0-alpha\opentelemetry-extension-incubator-1.26.0-alpha.jar;C:\Users\ahmed\.m2\repository\io\opentelemetry\opentelemetry-sdk-logs\1.26.0-alpha\opentelemetry-sdk-logs-1.26.0-alpha.jar;C:\Users\ahmed\.m2\repository\io\opentelemetry\opentelemetry-api-logs\1.26.0-alpha\opentelemetry-api-logs-1.26.0-alpha.jar;C:\Users\ahmed\.m2\repository\io\opentelemetry\opentelemetry-api-events\1.26.0-alpha\opentelemetry-api-events-1.26.0-alpha.jar;C:\Users\ahmed\.m2\repository\io\opentelemetry\opentelemetry-sdk-common\1.26.0\opentelemetry-sdk-common-1.26.0.jar;C:\Users\ahmed\.m2\repository\io\opentelemetry\opentelemetry-sdk-extension-autoconfigure-spi\1.26.0\opentelemetry-sdk-extension-autoconfigure-spi-1.26.0.jar;C:\Users\ahmed\.m2\repository\io\opentelemetry\opentelemetry-sdk-extension-autoconfigure\1.26.0-alpha\opentelemetry-sdk-extension-autoconfigure-1.26.0-alpha.jar;C:\Users\ahmed\.m2\repository\io\opentelemetry\opentelemetry-sdk-trace\1.26.0\opentelemetry-sdk-trace-1.26.0.jar;C:\Users\ahmed\.m2\repository\io\opentelemetry\opentelemetry-sdk\1.26.0\opentelemetry-sdk-1.26.0.jar;C:\Users\ahmed\.m2\repository\io\opentelemetry\opentelemetry-semconv\1.26.0-alpha\opentelemetry-semconv-1.26.0-alpha.jar;C:\Users\ahmed\.m2\repository\net\bytebuddy\byte-buddy\1.14.4\byte-buddy-1.14.4.jar;C:\Users\ahmed\.m2\repository\org\apache\commons\commons-exec\1.3\commons-exec-1.3.jar;C:\Users\ahmed\.m2\repository\org\asynchttpclient\async-http-client\2.12.3\async-http-client-2.12.3.jar;C:\Users\ahmed\.m2\repository\org\asynchttpclient\async-http-client-netty-utils\2.12.3\async-http-client-netty-utils-2.12.3.jar;C:\Users\ahmed\.m2\repository\io\netty\netty-codec-socks\4.1.60.Final\netty-codec-socks-4.1.60.Final.jar;C:\Users\ahmed\.m2\repository\io\netty\netty-handler-proxy\4.1.60.Final\netty-handler-proxy-4.1.60.Final.jar;C:\Users\ahmed\.m2\repository\io\netty\netty-transport-native-epoll\4.1.60.Final\netty-transport-native-epoll-4.1.60.Final-linux-x86_64.jar;C:\Users\ahmed\.m2\repository\io\netty\netty-transport-native-kqueue\4.1.60.Final\netty-transport-native-kqueue-4.1.60.Final-osx-x86_64.jar;C:\Users\ahmed\.m2\repository\org\reactivestreams\reactive-streams\1.0.3\reactive-streams-1.0.3.jar;C:\Users\ahmed\.m2\repository\com\typesafe\netty\netty-reactive-streams\2.0.4\netty-reactive-streams-2.0.4.jar;C:\Users\ahmed\.m2\repository\org\slf4j\slf4j-api\1.7.30\slf4j-api-1.7.30.jar;C:\Users\ahmed\.m2\repository\com\sun\activation\jakarta.activation\1.2.2\jakarta.activation-1.2.2.jar;C:\Users\ahmed\.m2\repository\org\seleniumhq\selenium\selenium-safari-driver\4.11.0\selenium-safari-driver-4.11.0.jar;C:\Users\ahmed\.m2\repository\org\seleniumhq\selenium\selenium-support\4.11.0\selenium-support-4.11.0.jar;C:\Users\ahmed\.m2\repository\io\cucumber\cucumber-java\7.11.1\cucumber-java-7.11.1.jar;C:\Users\ahmed\.m2\repository\io\cucumber\cucumber-core\7.11.1\cucumber-core-7.11.1.jar;C:\Users\ahmed\.m2\repository\io\cucumber\cucumber-gherkin\7.11.1\cucumber-gherkin-7.11.1.jar;C:\Users\ahmed\.m2\repository\io\cucumber\cucumber-gherkin-messages\7.11.1\cucumber-gherkin-messages-7.11.1.jar;C:\Users\ahmed\.m2\repository\io\cucumber\gherkin\26.0.3\gherkin-26.0.3.jar;C:\Users\ahmed\.m2\repository\io\cucumber\messages\21.0.1\messages-21.0.1.jar;C:\Users\ahmed\.m2\repository\io\cucumber\tag-expressions\5.0.1\tag-expressions-5.0.1.jar;C:\Users\ahmed\.m2\repository\io\cucumber\cucumber-expressions\16.1.2\cucumber-expressions-16.1.2.jar;C:\Users\ahmed\.m2\repository\io\cucumber\datatable\7.11.1\datatable-7.11.1.jar;C:\Users\ahmed\.m2\repository\io\cucumber\cucumber-plugin\7.11.1\cucumber-plugin-7.11.1.jar;C:\Users\ahmed\.m2\repository\io\cucumber\docstring\7.11.1\docstring-7.11.1.jar;C:\Users\ahmed\.m2\repository\io\cucumber\html-formatter\20.2.1\html-formatter-20.2.1.jar;C:\Users\ahmed\.m2\repository\io\cucumber\junit-xml-formatter\0.1.0\junit-xml-formatter-0.1.0.jar;C:\Users\ahmed\.m2\repository\io\cucumber\ci-environment\9.1.0\ci-environment-9.1.0.jar;C:\Users\ahmed\.m2\repository\org\apiguardian\apiguardian-api\1.1.2\apiguardian-api-1.1.2.jar;C:\Users\ahmed\.m2\repository\io\cucumber\cucumber-junit\7.11.1\cucumber-junit-7.11.1.jar;C:\Users\ahmed\.m2\repository\junit\junit\4.13.2\junit-4.13.2.jar;C:\Users\ahmed\.m2\repository\org\hamcrest\hamcrest-core\1.3\hamcrest-core-1.3.jar;C:\Users\ahmed\.m2\repository\org\apache\poi\poi\4.1.2\poi-4.1.2.jar;C:\Users\ahmed\.m2\repository\commons-codec\commons-codec\1.13\commons-codec-1.13.jar;C:\Users\ahmed\.m2\repository\org\apache\commons\commons-collections4\4.4\commons-collections4-4.4.jar;C:\Users\ahmed\.m2\repository\org\apache\commons\commons-math3\3.6.1\commons-math3-3.6.1.jar;C:\Users\ahmed\.m2\repository\com\zaxxer\SparseBitSet\1.2\SparseBitSet-1.2.jar;C:\Users\ahmed\.m2\repository\org\apache\poi\poi-ooxml\4.1.2\poi-ooxml-4.1.2.jar;C:\Users\ahmed\.m2\repository\org\apache\poi\poi-ooxml-schemas\4.1.2\poi-ooxml-schemas-4.1.2.jar;C:\Users\ahmed\.m2\repository\org\apache\xmlbeans\xmlbeans\3.1.0\xmlbeans-3.1.0.jar;C:\Users\ahmed\.m2\repository\org\apache\commons\commons-compress\1.19\commons-compress-1.19.jar;C:\Users\ahmed\.m2\repository\com\github\virtuald\curvesapi\1.06\curvesapi-1.06.jar;C:\Users\ahmed\.m2\repository\commons-io\commons-io\2.11.0\commons-io-2.11.0.jar;"/>
    <property name="java.vm.vendor" value="Amazon.com Inc."/>
    <property name="sun.arch.data.model" value="64"/>
    <property name="user.variant" value=""/>
    <property name="java.vendor.url" value="https://aws.amazon.com/corretto/"/>
    <property name="user.timezone" value="America/New_York"/>
    <property name="os.name" value="Windows 11"/>
    <property name="java.vm.specification.version" value="17"/>
    <property name="sun.java.launcher" value="SUN_STANDARD"/>
    <property name="user.country" value="US"/>
    <property name="sun.boot.library.path" value="C:\Users\ahmed\.jdks\corretto-17.0.9\bin"/>
    <property name="sun.java.command" value="C:\Users\ahmed\AppData\Local\Temp\surefire11491808057718818141\surefirebooter-20231112142149944_3.jar C:\Users\ahmed\AppData\Local\Temp\surefire11491808057718818141 2023-11-12T14-21-49_570-jvmRun1 surefire-20231112142149944_1tmp surefire_0-20231112142149944_2tmp"/>
    <property name="jdk.debug" value="release"/>
    <property name="surefire.test.class.path" value="C:\Users\ahmed\OneDrive\Desktop\Group Project\Group1B17\target\test-classes;C:\Users\ahmed\OneDrive\Desktop\Group Project\Group1B17\target\classes;C:\Users\ahmed\.m2\repository\org\seleniumhq\selenium\selenium-java\4.11.0\selenium-java-4.11.0.jar;C:\Users\ahmed\.m2\repository\org\seleniumhq\selenium\selenium-api\4.11.0\selenium-api-4.11.0.jar;C:\Users\ahmed\.m2\repository\org\seleniumhq\selenium\selenium-chrome-driver\4.11.0\selenium-chrome-driver-4.11.0.jar;C:\Users\ahmed\.m2\repository\com\google\auto\service\auto-service-annotations\1.0.1\auto-service-annotations-1.0.1.jar;C:\Users\ahmed\.m2\repository\com\google\guava\guava\31.1-jre\guava-31.1-jre.jar;C:\Users\ahmed\.m2\repository\com\google\guava\failureaccess\1.0.1\failureaccess-1.0.1.jar;C:\Users\ahmed\.m2\repository\com\google\guava\listenablefuture\9999.0-empty-to-avoid-conflict-with-guava\listenablefuture-9999.0-empty-to-avoid-conflict-with-guava.jar;C:\Users\ahmed\.m2\repository\com\google\code\findbugs\jsr305\3.0.2\jsr305-3.0.2.jar;C:\Users\ahmed\.m2\repository\org\checkerframework\checker-qual\3.12.0\checker-qual-3.12.0.jar;C:\Users\ahmed\.m2\repository\com\google\errorprone\error_prone_annotations\2.11.0\error_prone_annotations-2.11.0.jar;C:\Users\ahmed\.m2\repository\com\google\j2objc\j2objc-annotations\1.3\j2objc-annotations-1.3.jar;C:\Users\ahmed\.m2\repository\org\seleniumhq\selenium\selenium-chromium-driver\4.11.0\selenium-chromium-driver-4.11.0.jar;C:\Users\ahmed\.m2\repository\org\seleniumhq\selenium\selenium-json\4.11.0\selenium-json-4.11.0.jar;C:\Users\ahmed\.m2\repository\org\seleniumhq\selenium\selenium-manager\4.11.0\selenium-manager-4.11.0.jar;C:\Users\ahmed\.m2\repository\org\seleniumhq\selenium\selenium-devtools-v113\4.11.0\selenium-devtools-v113-4.11.0.jar;C:\Users\ahmed\.m2\repository\org\seleniumhq\selenium\selenium-devtools-v114\4.11.0\selenium-devtools-v114-4.11.0.jar;C:\Users\ahmed\.m2\repository\org\seleniumhq\selenium\selenium-devtools-v115\4.11.0\selenium-devtools-v115-4.11.0.jar;C:\Users\ahmed\.m2\repository\org\seleniumhq\selenium\selenium-devtools-v85\4.11.0\selenium-devtools-v85-4.11.0.jar;C:\Users\ahmed\.m2\repository\org\seleniumhq\selenium\selenium-edge-driver\4.11.0\selenium-edge-driver-4.11.0.jar;C:\Users\ahmed\.m2\repository\org\seleniumhq\selenium\selenium-firefox-driver\4.11.0\selenium-firefox-driver-4.11.0.jar;C:\Users\ahmed\.m2\repository\org\seleniumhq\selenium\selenium-http\4.11.0\selenium-http-4.11.0.jar;C:\Users\ahmed\.m2\repository\dev\failsafe\failsafe\3.3.1\failsafe-3.3.1.jar;C:\Users\ahmed\.m2\repository\org\seleniumhq\selenium\selenium-ie-driver\4.11.0\selenium-ie-driver-4.11.0.jar;C:\Users\ahmed\.m2\repository\org\seleniumhq\selenium\selenium-remote-driver\4.11.0\selenium-remote-driver-4.11.0.jar;C:\Users\ahmed\.m2\repository\io\netty\netty-buffer\4.1.92.Final\netty-buffer-4.1.92.Final.jar;C:\Users\ahmed\.m2\repository\io\netty\netty-codec-http\4.1.92.Final\netty-codec-http-4.1.92.Final.jar;C:\Users\ahmed\.m2\repository\io\netty\netty-codec\4.1.92.Final\netty-codec-4.1.92.Final.jar;C:\Users\ahmed\.m2\repository\io\netty\netty-handler\4.1.92.Final\netty-handler-4.1.92.Final.jar;C:\Users\ahmed\.m2\repository\io\netty\netty-common\4.1.92.Final\netty-common-4.1.92.Final.jar;C:\Users\ahmed\.m2\repository\io\netty\netty-transport-classes-epoll\4.1.92.Final\netty-transport-classes-epoll-4.1.92.Final.jar;C:\Users\ahmed\.m2\repository\io\netty\netty-transport-classes-kqueue\4.1.92.Final\netty-transport-classes-kqueue-4.1.92.Final.jar;C:\Users\ahmed\.m2\repository\io\netty\netty-transport-native-epoll\4.1.92.Final\netty-transport-native-epoll-4.1.92.Final.jar;C:\Users\ahmed\.m2\repository\io\netty\netty-transport-native-kqueue\4.1.92.Final\netty-transport-native-kqueue-4.1.92.Final.jar;C:\Users\ahmed\.m2\repository\io\netty\netty-transport-native-unix-common\4.1.92.Final\netty-transport-native-unix-common-4.1.92.Final.jar;C:\Users\ahmed\.m2\repository\io\netty\netty-transport\4.1.92.Final\netty-transport-4.1.92.Final.jar;C:\Users\ahmed\.m2\repository\io\netty\netty-resolver\4.1.92.Final\netty-resolver-4.1.92.Final.jar;C:\Users\ahmed\.m2\repository\io\opentelemetry\opentelemetry-api\1.26.0\opentelemetry-api-1.26.0.jar;C:\Users\ahmed\.m2\repository\io\opentelemetry\opentelemetry-context\1.26.0\opentelemetry-context-1.26.0.jar;C:\Users\ahmed\.m2\repository\io\opentelemetry\opentelemetry-exporter-logging\1.26.0\opentelemetry-exporter-logging-1.26.0.jar;C:\Users\ahmed\.m2\repository\io\opentelemetry\opentelemetry-sdk-metrics\1.26.0\opentelemetry-sdk-metrics-1.26.0.jar;C:\Users\ahmed\.m2\repository\io\opentelemetry\opentelemetry-extension-incubator\1.26.0-alpha\opentelemetry-extension-incubator-1.26.0-alpha.jar;C:\Users\ahmed\.m2\repository\io\opentelemetry\opentelemetry-sdk-logs\1.26.0-alpha\opentelemetry-sdk-logs-1.26.0-alpha.jar;C:\Users\ahmed\.m2\repository\io\opentelemetry\opentelemetry-api-logs\1.26.0-alpha\opentelemetry-api-logs-1.26.0-alpha.jar;C:\Users\ahmed\.m2\repository\io\opentelemetry\opentelemetry-api-events\1.26.0-alpha\opentelemetry-api-events-1.26.0-alpha.jar;C:\Users\ahmed\.m2\repository\io\opentelemetry\opentelemetry-sdk-common\1.26.0\opentelemetry-sdk-common-1.26.0.jar;C:\Users\ahmed\.m2\repository\io\opentelemetry\opentelemetry-sdk-extension-autoconfigure-spi\1.26.0\opentelemetry-sdk-extension-autoconfigure-spi-1.26.0.jar;C:\Users\ahmed\.m2\repository\io\opentelemetry\opentelemetry-sdk-extension-autoconfigure\1.26.0-alpha\opentelemetry-sdk-extension-autoconfigure-1.26.0-alpha.jar;C:\Users\ahmed\.m2\repository\io\opentelemetry\opentelemetry-sdk-trace\1.26.0\opentelemetry-sdk-trace-1.26.0.jar;C:\Users\ahmed\.m2\repository\io\opentelemetry\opentelemetry-sdk\1.26.0\opentelemetry-sdk-1.26.0.jar;C:\Users\ahmed\.m2\repository\io\opentelemetry\opentelemetry-semconv\1.26.0-alpha\opentelemetry-semconv-1.26.0-alpha.jar;C:\Users\ahmed\.m2\repository\net\bytebuddy\byte-buddy\1.14.4\byte-buddy-1.14.4.jar;C:\Users\ahmed\.m2\repository\org\apache\commons\commons-exec\1.3\commons-exec-1.3.jar;C:\Users\ahmed\.m2\repository\org\asynchttpclient\async-http-client\2.12.3\async-http-client-2.12.3.jar;C:\Users\ahmed\.m2\repository\org\asynchttpclient\async-http-client-netty-utils\2.12.3\async-http-client-netty-utils-2.12.3.jar;C:\Users\ahmed\.m2\repository\io\netty\netty-codec-socks\4.1.60.Final\netty-codec-socks-4.1.60.Final.jar;C:\Users\ahmed\.m2\repository\io\netty\netty-handler-proxy\4.1.60.Final\netty-handler-proxy-4.1.60.Final.jar;C:\Users\ahmed\.m2\repository\io\netty\netty-transport-native-epoll\4.1.60.Final\netty-transport-native-epoll-4.1.60.Final-linux-x86_64.jar;C:\Users\ahmed\.m2\repository\io\netty\netty-transport-native-kqueue\4.1.60.Final\netty-transport-native-kqueue-4.1.60.Final-osx-x86_64.jar;C:\Users\ahmed\.m2\repository\org\reactivestreams\reactive-streams\1.0.3\reactive-streams-1.0.3.jar;C:\Users\ahmed\.m2\repository\com\typesafe\netty\netty-reactive-streams\2.0.4\netty-reactive-streams-2.0.4.jar;C:\Users\ahmed\.m2\repository\org\slf4j\slf4j-api\1.7.30\slf4j-api-1.7.30.jar;C:\Users\ahmed\.m2\repository\com\sun\activation\jakarta.activation\1.2.2\jakarta.activation-1.2.2.jar;C:\Users\ahmed\.m2\repository\org\seleniumhq\selenium\selenium-safari-driver\4.11.0\selenium-safari-driver-4.11.0.jar;C:\Users\ahmed\.m2\repository\org\seleniumhq\selenium\selenium-support\4.11.0\selenium-support-4.11.0.jar;C:\Users\ahmed\.m2\repository\io\cucumber\cucumber-java\7.11.1\cucumber-java-7.11.1.jar;C:\Users\ahmed\.m2\repository\io\cucumber\cucumber-core\7.11.1\cucumber-core-7.11.1.jar;C:\Users\ahmed\.m2\repository\io\cucumber\cucumber-gherkin\7.11.1\cucumber-gherkin-7.11.1.jar;C:\Users\ahmed\.m2\repository\io\cucumber\cucumber-gherkin-messages\7.11.1\cucumber-gherkin-messages-7.11.1.jar;C:\Users\ahmed\.m2\repository\io\cucumber\gherkin\26.0.3\gherkin-26.0.3.jar;C:\Users\ahmed\.m2\repository\io\cucumber\messages\21.0.1\messages-21.0.1.jar;C:\Users\ahmed\.m2\repository\io\cucumber\tag-expressions\5.0.1\tag-expressions-5.0.1.jar;C:\Users\ahmed\.m2\repository\io\cucumber\cucumber-expressions\16.1.2\cucumber-expressions-16.1.2.jar;C:\Users\ahmed\.m2\repository\io\cucumber\datatable\7.11.1\datatable-7.11.1.jar;C:\Users\ahmed\.m2\repository\io\cucumber\cucumber-plugin\7.11.1\cucumber-plugin-7.11.1.jar;C:\Users\ahmed\.m2\repository\io\cucumber\docstring\7.11.1\docstring-7.11.1.jar;C:\Users\ahmed\.m2\repository\io\cucumber\html-formatter\20.2.1\html-formatter-20.2.1.jar;C:\Users\ahmed\.m2\repository\io\cucumber\junit-xml-formatter\0.1.0\junit-xml-formatter-0.1.0.jar;C:\Users\ahmed\.m2\repository\io\cucumber\ci-environment\9.1.0\ci-environment-9.1.0.jar;C:\Users\ahmed\.m2\repository\org\apiguardian\apiguardian-api\1.1.2\apiguardian-api-1.1.2.jar;C:\Users\ahmed\.m2\repository\io\cucumber\cucumber-junit\7.11.1\cucumber-junit-7.11.1.jar;C:\Users\ahmed\.m2\repository\junit\junit\4.13.2\junit-4.13.2.jar;C:\Users\ahmed\.m2\repository\org\hamcrest\hamcrest-core\1.3\hamcrest-core-1.3.jar;C:\Users\ahmed\.m2\repository\org\apache\poi\poi\4.1.2\poi-4.1.2.jar;C:\Users\ahmed\.m2\repository\commons-codec\commons-codec\1.13\commons-codec-1.13.jar;C:\Users\ahmed\.m2\repository\org\apache\commons\commons-collections4\4.4\commons-collections4-4.4.jar;C:\Users\ahmed\.m2\repository\org\apache\commons\commons-math3\3.6.1\commons-math3-3.6.1.jar;C:\Users\ahmed\.m2\repository\com\zaxxer\SparseBitSet\1.2\SparseBitSet-1.2.jar;C:\Users\ahmed\.m2\repository\org\apache\poi\poi-ooxml\4.1.2\poi-ooxml-4.1.2.jar;C:\Users\ahmed\.m2\repository\org\apache\poi\poi-ooxml-schemas\4.1.2\poi-ooxml-schemas-4.1.2.jar;C:\Users\ahmed\.m2\repository\org\apache\xmlbeans\xmlbeans\3.1.0\xmlbeans-3.1.0.jar;C:\Users\ahmed\.m2\repository\org\apache\commons\commons-compress\1.19\commons-compress-1.19.jar;C:\Users\ahmed\.m2\repository\com\github\virtuald\curvesapi\1.06\curvesapi-1.06.jar;C:\Users\ahmed\.m2\repository\commons-io\commons-io\2.11.0\commons-io-2.11.0.jar;"/>
    <property name="sun.cpu.endian" value="little"/>
    <property name="user.home" value="C:\Users\ahmed"/>
    <property name="user.language" value="en"/>
    <property name="java.specification.vendor" value="Oracle Corporation"/>
    <property name="java.version.date" value="2023-10-17"/>
    <property name="java.home" value="C:\Users\ahmed\.jdks\corretto-17.0.9"/>
    <property name="file.separator" value="\"/>
    <property name="basedir" value="C:\Users\ahmed\OneDrive\Desktop\Group Project\Group1B17"/>
    <property name="java.vm.compressedOopsMode" value="Zero based"/>
    <property name="line.separator" value="&#10;"/>
    <property name="java.vm.specification.vendor" value="Oracle Corporation"/>
    <property name="java.specification.name" value="Java Platform API Specification"/>
    <property name="surefire.real.class.path" value="C:\Users\ahmed\AppData\Local\Temp\surefire11491808057718818141\surefirebooter-20231112142149944_3.jar"/>
    <property name="user.script" value=""/>
    <property name="sun.management.compiler" value="HotSpot 64-Bit Tiered Compilers"/>
    <property name="java.runtime.version" value="17.0.9+8-LTS"/>
    <property name="user.name" value="Ahmed"/>
    <property name="path.separator" value=";"/>
    <property name="os.version" value="10.0"/>
    <property name="java.runtime.name" value="OpenJDK Runtime Environment"/>
    <property name="file.encoding" value="Cp1252"/>
    <property name="java.vm.name" value="OpenJDK 64-Bit Server VM"/>
    <property name="java.vendor.version" value="Corretto-17.0.9.8.1"/>
    <property name="localRepository" value="C:\Users\ahmed\.m2\repository"/>
    <property name="java.vendor.url.bug" value="https://github.com/corretto/corretto-17/issues/"/>
    <property name="java.io.tmpdir" value="C:\Users\ahmed\AppData\Local\Temp\"/>
    <property name="idea.version" value="2023.2.4"/>
    <property name="java.version" value="17.0.9"/>
    <property name="user.dir" value="C:\Users\ahmed\OneDrive\Desktop\Group Project\Group1B17"/>
    <property name="os.arch" value="amd64"/>
    <property name="java.vm.specification.name" value="Java Virtual Machine Specification"/>
    <property name="sun.os.patch.level" value=""/>
    <property name="native.encoding" value="Cp1252"/>
    <property name="java.library.path" value="C:\Users\ahmed\.jdks\corretto-17.0.9\bin;C:\Windows\Sun\Java\bin;C:\Windows\system32;C:\Windows;C:\Program Files\Common Files\Oracle\Java\javapath;C:\Windows\system32;C:\Windows;C:\Windows\System32\Wbem;C:\Windows\System32\WindowsPowerShell\v1.0\;C:\Windows\System32\OpenSSH\;C:\Program Files\Git\cmd;C:\Program Files (x86)\Common Files\Acronis\SnapAPI\;C:\Program Files (x86)\Common Files\Acronis\VirtualFile\;C:\Program Files (x86)\Common Files\Acronis\VirtualFile64\;C:\Program Files\Java\jdk-11\bin;C:\Program Files\apache-maven-3.9.5\bin;C:\Users\ahmed\AppData\Local\Microsoft\WindowsApps;;."/>
    <property name="java.vm.info" value="mixed mode, sharing"/>
    <property name="java.vendor" value="Amazon.com Inc."/>
    <property name="java.vm.version" value="17.0.9+8-LTS"/>
    <property name="sun.io.unicode.encoding" value="UnicodeLittle"/>
    <property name="java.class.version" value="61.0"/>
  </properties>
  <testcase name="Adding multiple employees from excel files" classname="add employee scenario" time="87.833">
    <system-out><![CDATA[
@excel @regression @passed
Scenario: Adding multiple employees from excel files                          &amp#27;[90m# src/test/resources/features/AddEmployee.feature:12&amp#27;[0m
  &amp#27;[32m* &amp#27;[0m&amp#27;[32muser enters username and password&amp#27;[0m                                         &amp#27;[90m# steps.LoginSteps.user_enters_username_and_password()&amp#27;[0m
  &amp#27;[32m* &amp#27;[0m&amp#27;[32muser clicks on login button&amp#27;[0m                                               &amp#27;[90m# steps.LoginSteps.user_clicks_on_login_button()&amp#27;[0m
  &amp#27;[32m* &amp#27;[0m&amp#27;[32muser is successfully logged in&amp#27;[0m                                            &amp#27;[90m# steps.LoginSteps.user_is_successfully_logged_in()&amp#27;[0m
  &amp#27;[32m* &amp#27;[0m&amp#27;[32muser clicks on PIM option&amp#27;[0m                                                 &amp#27;[90m# steps.TerminateSteps.user_clicks_on_pim_option()&amp#27;[0m
  &amp#27;[32m* &amp#27;[0m&amp#27;[32muser clicks on add employee option&amp#27;[0m                                        &amp#27;[90m# steps.AddEmployeeSteps.user_clicks_on_add_employee_option()&amp#27;[0m
46607617 Pama Manrovaa Abasiaa
46607617 Pama Manrovaa Abasiaa
35018489 Peninaha Kotleraa Smithaa
35018489 Peninaha Kotleraa Smithaa
48006225 Siraja Madokaa Patrovaa
48006225 Siraja Madokaa Patrovaa
  &amp#27;[32mWhen &amp#27;[0m&amp#27;[32muser adds multiple employees from excel using &amp#27;[0m&amp#27;[32m&amp#27;[1m"Sheet1"&amp#27;[0m&amp#27;[32m and verify them&amp#27;[0m &amp#27;[90m# steps.AddEmployeeSteps.user_adds_multiple_employees_from_excel_using_and_verify_them(java.lang.String)&amp#27;[0m

    Embedding Adding multiple employees from excel files [image/png 96860 bytes]

]]></system-out>
    <system-err><![CDATA[SLF4J: Failed to load class "org.slf4j.impl.StaticLoggerBinder".
SLF4J: Defaulting to no-operation (NOP) logger implementation
SLF4J: See http://www.slf4j.org/codes.html#StaticLoggerBinder for further details.
Nov 12, 2023 2:21:56 PM org.openqa.selenium.devtools.CdpVersionFinder findNearestMatch
WARNING: Unable to find an exact match for CDP version 119, so returning the closest version found: 115
]]></system-err>
  </testcase>
  <testcase name="adding multiple employees from data table" classname="add employee scenario" time="60.866">
    <system-out><![CDATA[
@datatable @regression @passed
Scenario: adding multiple employees from data table &amp#27;[90m# src/test/resources/features/AddEmployee.feature:18&amp#27;[0m
  &amp#27;[32m* &amp#27;[0m&amp#27;[32muser enters username and password&amp#27;[0m               &amp#27;[90m# steps.LoginSteps.user_enters_username_and_password()&amp#27;[0m
  &amp#27;[32m* &amp#27;[0m&amp#27;[32muser clicks on login button&amp#27;[0m                     &amp#27;[90m# steps.LoginSteps.user_clicks_on_login_button()&amp#27;[0m
  &amp#27;[32m* &amp#27;[0m&amp#27;[32muser is successfully logged in&amp#27;[0m                  &amp#27;[90m# steps.LoginSteps.user_is_successfully_logged_in()&amp#27;[0m
  &amp#27;[32m* &amp#27;[0m&amp#27;[32muser clicks on PIM option&amp#27;[0m                       &amp#27;[90m# steps.TerminateSteps.user_clicks_on_pim_option()&amp#27;[0m
  &amp#27;[32m* &amp#27;[0m&amp#27;[32muser clicks on add employee option&amp#27;[0m              &amp#27;[90m# steps.AddEmployeeSteps.user_clicks_on_add_employee_option()&amp#27;[0m
  &amp#27;[32mWhen &amp#27;[0m&amp#27;[32muser adds multiple employees from data table&amp#27;[0m &amp#27;[90m# steps.AddEmployeeSteps.user_adds_multiple_employees_from_data_table(io.cucumber.datatable.DataTable)&amp#27;[0m
    | firstName | middleName | lastName  | employeeId |
    | Alvisae   | Samaae     | Muhweraae | B711121    |
    | Kenanae   | Jonesae    | Andrewae  | B612029    |

    Embedding adding multiple employees from data table [image/png 96711 bytes]

]]></system-out>
    <system-err><![CDATA[Nov 12, 2023 2:23:22 PM org.openqa.selenium.devtools.CdpVersionFinder findNearestMatch
WARNING: Unable to find an exact match for CDP version 119, so returning the closest version found: 115
]]></system-err>
  </testcase>
  <testcase name="As an admin user should be able to add different languages in qualifications" classname="Language scenarios" time="22.861">
    <system-out><![CDATA[
@language @regression @passed
Scenario: As an admin user should be able to add different languages in qualifications &amp#27;[90m# src/test/resources/features/AddLanguage.feature:5&amp#27;[0m
  &amp#27;[32mWhen &amp#27;[0m&amp#27;[32muser enters username and password&amp#27;[0m                                               &amp#27;[90m# steps.LoginSteps.user_enters_username_and_password()&amp#27;[0m
  &amp#27;[32mAnd &amp#27;[0m&amp#27;[32muser clicks on login button&amp#27;[0m                                                      &amp#27;[90m# steps.LoginSteps.user_clicks_on_login_button()&amp#27;[0m
  &amp#27;[32mThen &amp#27;[0m&amp#27;[32muser is successfully logged in&amp#27;[0m                                                  &amp#27;[90m# steps.LoginSteps.user_is_successfully_logged_in()&amp#27;[0m
  &amp#27;[32mThen &amp#27;[0m&amp#27;[32muser clicks on Admin tab&amp#27;[0m                                                        &amp#27;[90m# steps.AddLanguageStep.user_clicks_on_admin_tab()&amp#27;[0m
  &amp#27;[32mAnd &amp#27;[0m&amp#27;[32muser navigates to Qualifications&amp#27;[0m                                                 &amp#27;[90m# steps.AddLanguageStep.user_navigates_to_qualifications()&amp#27;[0m
  &amp#27;[32mAnd &amp#27;[0m&amp#27;[32mclicks on Language tab&amp#27;[0m                                                           &amp#27;[90m# steps.AddLanguageStep.clicks_on_language_tab()&amp#27;[0m
  &amp#27;[32mAnd &amp#27;[0m&amp#27;[32mclicks on Add button&amp#27;[0m                                                             &amp#27;[90m# steps.AddLanguageStep.clicks_on_add_button()&amp#27;[0m
  &amp#27;[32mAnd &amp#27;[0m&amp#27;[32menters a language&amp#27;[0m                                                                &amp#27;[90m# steps.AddLanguageStep.enters_a_language()&amp#27;[0m
  &amp#27;[32mAnd &amp#27;[0m&amp#27;[32mclicks on save button&amp#27;[0m                                                            &amp#27;[90m# steps.AddLanguageStep.clicks_on_save_button()&amp#27;[0m

    Embedding As an admin user should be able to add different languages in qualifications [image/png 81592 bytes]

]]></system-out>
    <system-err><![CDATA[Nov 12, 2023 2:24:23 PM org.openqa.selenium.devtools.CdpVersionFinder findNearestMatch
WARNING: Unable to find an exact match for CDP version 119, so returning the closest version found: 115
]]></system-err>
  </testcase>
  <testcase name="add different memberships under qualifications" classname="add any Memberships scenarios" time="22.895">
    <system-out><![CDATA[
@addMemberships @test123 @passed
Scenario: add different memberships under qualifications &amp#27;[90m# src/test/resources/features/AdminAddMembership.feature:8&amp#27;[0m
  &amp#27;[32mWhen &amp#27;[0m&amp#27;[32muser enters username and password&amp#27;[0m                 &amp#27;[90m# steps.LoginSteps.user_enters_username_and_password()&amp#27;[0m
  &amp#27;[32mAnd &amp#27;[0m&amp#27;[32muser clicks on login button&amp#27;[0m                        &amp#27;[90m# steps.LoginSteps.user_clicks_on_login_button()&amp#27;[0m
  &amp#27;[32mThen &amp#27;[0m&amp#27;[32muser is successfully logged in&amp#27;[0m                    &amp#27;[90m# steps.LoginSteps.user_is_successfully_logged_in()&amp#27;[0m
  &amp#27;[32mWhen &amp#27;[0m&amp#27;[32mAdmin clicks on Admin option&amp#27;[0m                      &amp#27;[90m# steps.AdminAddMembershipSteps.admin_clicks_on_admin_option()&amp#27;[0m
  &amp#27;[32mAnd &amp#27;[0m&amp#27;[32mAdmin clicks on Qualifications option&amp#27;[0m              &amp#27;[90m# steps.AdminAddMembershipSteps.admin_clicks_on_qualifications_option()&amp#27;[0m
  &amp#27;[32mThen &amp#27;[0m&amp#27;[32mAdmin clicks on Memberships option&amp#27;[0m                &amp#27;[90m# steps.AdminAddMembershipSteps.admin_clicks_on_memberships_option()&amp#27;[0m
  &amp#27;[32mThen &amp#27;[0m&amp#27;[32mAdmin clicks on Add option&amp#27;[0m                        &amp#27;[90m# steps.AdminAddMembershipSteps.admin_clicks_on_add_option()&amp#27;[0m
  &amp#27;[32mThen &amp#27;[0m&amp#27;[32mAdmin enter Membership Name&amp#27;[0m                       &amp#27;[90m# steps.AdminAddMembershipSteps.admin_enter_membership_name()&amp#27;[0m
  &amp#27;[32mThen &amp#27;[0m&amp#27;[32mAdmin clicks on save button&amp#27;[0m                       &amp#27;[90m# steps.AdminAddMembershipSteps.admin_clicks_on_save_button()&amp#27;[0m

    Embedding add different memberships under qualifications [image/png 89167 bytes]

]]></system-out>
    <system-err><![CDATA[Nov 12, 2023 2:24:45 PM org.openqa.selenium.devtools.CdpVersionFinder findNearestMatch
WARNING: Unable to find an exact match for CDP version 119, so returning the closest version found: 115
]]></system-err>
  </testcase>
  <testcase name="Comments text box where the employee can enter additional comments" classname="Employee language proficiency details" time="11.563">
    <system-out><![CDATA[
@CommentsTextBox @regression @passed
Scenario: Comments text box where the employee can enter additional comments           &amp#27;[90m# src/test/resources/features/EmpAddLanguage.feature:31&amp#27;[0m
  &amp#27;[32mWhen &amp#27;[0m&amp#27;[32memployee enters valid user name and password&amp#27;[0m                                    &amp#27;[90m# steps.EmployeeAddLanguageSteps.employee_enters_valid_user_name_and_password()&amp#27;[0m
  &amp#27;[32mAnd &amp#27;[0m&amp#27;[32memployee clicks on login button&amp#27;[0m                                                  &amp#27;[90m# steps.EmployeeAddLanguageSteps.employee_clicks_on_login_button()&amp#27;[0m
  &amp#27;[32m* &amp#27;[0m&amp#27;[32memployee navigates to My Info page&amp#27;[0m                                                 &amp#27;[90m# steps.EmployeeAddLanguageSteps.employee_navigates_to_My_Info_page()&amp#27;[0m
  &amp#27;[32m* &amp#27;[0m&amp#27;[32memployee clicks on qualifications button&amp#27;[0m                                           &amp#27;[90m# steps.EmployeeAddLanguageSteps.employee_clicks_on_qualifications_button()&amp#27;[0m
  &amp#27;[32m* &amp#27;[0m&amp#27;[32memployee clicks on Add button in languages section&amp#27;[0m                                 &amp#27;[90m# steps.EmployeeAddLanguageSteps.employee_clicks_on_add_button_in_languages_section()&amp#27;[0m
  &amp#27;[32mThen &amp#27;[0m&amp#27;[32memployee can enter text in additional comments in language proficiency text box&amp#27;[0m &amp#27;[90m# steps.EmployeeAddLanguageSteps.employee_can_enter_text_in_additional_comments_in_language_proficiency_text_box()&amp#27;[0m

    Embedding Comments text box where the employee can enter additional comments [image/png 57262 bytes]

]]></system-out>
    <system-err><![CDATA[Nov 12, 2023 2:25:08 PM org.openqa.selenium.devtools.CdpVersionFinder findNearestMatch
WARNING: Unable to find an exact match for CDP version 119, so returning the closest version found: 115
]]></system-err>
  </testcase>
  <testcase name="System validates mandatory fields before saving" classname="Employee language proficiency details" time="12.05">
    <system-out><![CDATA[
@MandatoryFieldsValidation @regression @passed
Scenario: System validates mandatory fields before saving                           &amp#27;[90m# src/test/resources/features/EmpAddLanguage.feature:37&amp#27;[0m
  &amp#27;[32mWhen &amp#27;[0m&amp#27;[32memployee enters valid user name and password&amp#27;[0m                                 &amp#27;[90m# steps.EmployeeAddLanguageSteps.employee_enters_valid_user_name_and_password()&amp#27;[0m
  &amp#27;[32mAnd &amp#27;[0m&amp#27;[32memployee clicks on login button&amp#27;[0m                                               &amp#27;[90m# steps.EmployeeAddLanguageSteps.employee_clicks_on_login_button()&amp#27;[0m
  &amp#27;[32m* &amp#27;[0m&amp#27;[32memployee navigates to My Info page&amp#27;[0m                                              &amp#27;[90m# steps.EmployeeAddLanguageSteps.employee_navigates_to_My_Info_page()&amp#27;[0m
  &amp#27;[32m* &amp#27;[0m&amp#27;[32memployee clicks on qualifications button&amp#27;[0m                                        &amp#27;[90m# steps.EmployeeAddLanguageSteps.employee_clicks_on_qualifications_button()&amp#27;[0m
  &amp#27;[32m* &amp#27;[0m&amp#27;[32memployee clicks on Add button in languages section&amp#27;[0m                              &amp#27;[90m# steps.EmployeeAddLanguageSteps.employee_clicks_on_add_button_in_languages_section()&amp#27;[0m
  &amp#27;[32m* &amp#27;[0m&amp#27;[32memployee has not filled mandatory fields and tries to save language proficiency&amp#27;[0m &amp#27;[90m# steps.EmployeeAddLanguageSteps.employee_has_not_filled_mandatory_fields_and_tries_to_save_language_proficiency()&amp#27;[0m
  &amp#27;[32mThen &amp#27;[0m&amp#27;[32mthe system should display an error message&amp#27;[0m                                   &amp#27;[90m# steps.EmployeeAddLanguageSteps.the_system_should_display_an_error_message()&amp#27;[0m

    Embedding System validates mandatory fields before saving [image/png 87359 bytes]

]]></system-out>
    <system-err><![CDATA[Nov 12, 2023 2:25:20 PM org.openqa.selenium.devtools.CdpVersionFinder findNearestMatch
WARNING: Unable to find an exact match for CDP version 119, so returning the closest version found: 115
]]></system-err>
  </testcase>
  <testcase name="Employee can edit saved competency option" classname="Employee language proficiency details" time="16.258">
    <system-out><![CDATA[
@EditingSavedLanguageDetails @regression @passed
Scenario: Employee can edit saved competency option                                &amp#27;[90m# src/test/resources/features/EmpAddLanguage.feature:63&amp#27;[0m
  &amp#27;[32mWhen &amp#27;[0m&amp#27;[32memployee enters valid user name and password&amp#27;[0m                                &amp#27;[90m# steps.EmployeeAddLanguageSteps.employee_enters_valid_user_name_and_password()&amp#27;[0m
  &amp#27;[32mAnd &amp#27;[0m&amp#27;[32memployee clicks on login button&amp#27;[0m                                              &amp#27;[90m# steps.EmployeeAddLanguageSteps.employee_clicks_on_login_button()&amp#27;[0m
  &amp#27;[32m* &amp#27;[0m&amp#27;[32memployee navigates to My Info page&amp#27;[0m                                             &amp#27;[90m# steps.EmployeeAddLanguageSteps.employee_navigates_to_My_Info_page()&amp#27;[0m
  &amp#27;[32m* &amp#27;[0m&amp#27;[32memployee clicks on qualifications button&amp#27;[0m                                       &amp#27;[90m# steps.EmployeeAddLanguageSteps.employee_clicks_on_qualifications_button()&amp#27;[0m
  &amp#27;[32m* &amp#27;[0m&amp#27;[32memployee clicks on Add button in languages section&amp#27;[0m                             &amp#27;[90m# steps.EmployeeAddLanguageSteps.employee_clicks_on_add_button_in_languages_section()&amp#27;[0m
  &amp#27;[32m* &amp#27;[0m&amp#27;[32memployee selects a language from language dropdown&amp#27;[0m                             &amp#27;[90m# steps.EmployeeAddLanguageSteps.employee_selects_a_language_from_language_dropdown()&amp#27;[0m
  &amp#27;[32m* &amp#27;[0m&amp#27;[32memployee fills mandatory fields for next 2 dropdowns and clicks save&amp#27;[0m           &amp#27;[90m# steps.EmployeeAddLanguageSteps.employee_fills_mandatory_fields_for_next_2_dropdowns_and_clicks_save()&amp#27;[0m
  &amp#27;[32m* &amp#27;[0m&amp#27;[32memployee clicks on the saved language to edit the language proficiency details&amp#27;[0m &amp#27;[90m# steps.EmployeeAddLanguageSteps.employee_clicks_on_the_saved_language_to_edit_the_language_proficiency_details()&amp#27;[0m
  &amp#27;[32mThen &amp#27;[0m&amp#27;[32mthe system should allow him to edit the competency option&amp#27;[0m                   &amp#27;[90m# steps.EmployeeAddLanguageSteps.the_system_should_allow_him_to_edit_the_competency_option()&amp#27;[0m

    Embedding Employee can edit saved competency option [image/png 56521 bytes]

]]></system-out>
    <system-err><![CDATA[Nov 12, 2023 2:25:32 PM org.openqa.selenium.devtools.CdpVersionFinder findNearestMatch
WARNING: Unable to find an exact match for CDP version 119, so returning the closest version found: 115
]]></system-err>
  </testcase>
  <testcase name="Employee can edit saved comments text box" classname="Employee language proficiency details" time="13.428">
    <system-out><![CDATA[
@EditingSavedLanguageDetails @regression @passed
Scenario: Employee can edit saved comments text box                                &amp#27;[90m# src/test/resources/features/EmpAddLanguage.feature:72&amp#27;[0m
  &amp#27;[32mWhen &amp#27;[0m&amp#27;[32memployee enters valid user name and password&amp#27;[0m                                &amp#27;[90m# steps.EmployeeAddLanguageSteps.employee_enters_valid_user_name_and_password()&amp#27;[0m
  &amp#27;[32mAnd &amp#27;[0m&amp#27;[32memployee clicks on login button&amp#27;[0m                                              &amp#27;[90m# steps.EmployeeAddLanguageSteps.employee_clicks_on_login_button()&amp#27;[0m
  &amp#27;[32m* &amp#27;[0m&amp#27;[32memployee navigates to My Info page&amp#27;[0m                                             &amp#27;[90m# steps.EmployeeAddLanguageSteps.employee_navigates_to_My_Info_page()&amp#27;[0m
  &amp#27;[32m* &amp#27;[0m&amp#27;[32memployee clicks on qualifications button&amp#27;[0m                                       &amp#27;[90m# steps.EmployeeAddLanguageSteps.employee_clicks_on_qualifications_button()&amp#27;[0m
  &amp#27;[32m* &amp#27;[0m&amp#27;[32memployee clicks on Add button in languages section&amp#27;[0m                             &amp#27;[90m# steps.EmployeeAddLanguageSteps.employee_clicks_on_add_button_in_languages_section()&amp#27;[0m
  &amp#27;[32m* &amp#27;[0m&amp#27;[32memployee selects a language from language dropdown&amp#27;[0m                             &amp#27;[90m# steps.EmployeeAddLanguageSteps.employee_selects_a_language_from_language_dropdown()&amp#27;[0m
  &amp#27;[32m* &amp#27;[0m&amp#27;[32memployee fills mandatory fields for next 2 dropdowns and clicks save&amp#27;[0m           &amp#27;[90m# steps.EmployeeAddLanguageSteps.employee_fills_mandatory_fields_for_next_2_dropdowns_and_clicks_save()&amp#27;[0m
  &amp#27;[32m* &amp#27;[0m&amp#27;[32memployee clicks on the saved language to edit the language proficiency details&amp#27;[0m &amp#27;[90m# steps.EmployeeAddLanguageSteps.employee_clicks_on_the_saved_language_to_edit_the_language_proficiency_details()&amp#27;[0m
  &amp#27;[32mThen &amp#27;[0m&amp#27;[32mthe system should allow him to edit the comments box&amp#27;[0m                        &amp#27;[90m# steps.EmployeeAddLanguageSteps.the_system_should_allow_him_to_edit_the_comments_box()&amp#27;[0m

    Embedding Employee can edit saved comments text box [image/png 56521 bytes]

]]></system-out>
    <system-err><![CDATA[Nov 12, 2023 2:25:48 PM org.openqa.selenium.devtools.CdpVersionFinder findNearestMatch
WARNING: Unable to find an exact match for CDP version 119, so returning the closest version found: 115
]]></system-err>
  </testcase>
  <testcase name="Employee can delete previously saved language proficiency details" classname="Employee language proficiency details" time="15.384">
    <system-out><![CDATA[
@DeletingSavedLanguageDetails @regression @passed
Scenario: Employee can delete previously saved language proficiency details       &amp#27;[90m# src/test/resources/features/EmpAddLanguage.feature:81&amp#27;[0m
  &amp#27;[32mWhen &amp#27;[0m&amp#27;[32memployee enters valid user name and password&amp#27;[0m                               &amp#27;[90m# steps.EmployeeAddLanguageSteps.employee_enters_valid_user_name_and_password()&amp#27;[0m
  &amp#27;[32mAnd &amp#27;[0m&amp#27;[32memployee clicks on login button&amp#27;[0m                                             &amp#27;[90m# steps.EmployeeAddLanguageSteps.employee_clicks_on_login_button()&amp#27;[0m
  &amp#27;[32m* &amp#27;[0m&amp#27;[32memployee navigates to My Info page&amp#27;[0m                                            &amp#27;[90m# steps.EmployeeAddLanguageSteps.employee_navigates_to_My_Info_page()&amp#27;[0m
  &amp#27;[32m* &amp#27;[0m&amp#27;[32memployee clicks on qualifications button&amp#27;[0m                                      &amp#27;[90m# steps.EmployeeAddLanguageSteps.employee_clicks_on_qualifications_button()&amp#27;[0m
  &amp#27;[32m* &amp#27;[0m&amp#27;[32memployee clicks on Add button in languages section&amp#27;[0m                            &amp#27;[90m# steps.EmployeeAddLanguageSteps.employee_clicks_on_add_button_in_languages_section()&amp#27;[0m
  &amp#27;[32m* &amp#27;[0m&amp#27;[32memployee selects a language from language dropdown&amp#27;[0m                            &amp#27;[90m# steps.EmployeeAddLanguageSteps.employee_selects_a_language_from_language_dropdown()&amp#27;[0m
  &amp#27;[32m* &amp#27;[0m&amp#27;[32memployee fills mandatory fields for next 2 dropdowns and clicks save&amp#27;[0m          &amp#27;[90m# steps.EmployeeAddLanguageSteps.employee_fills_mandatory_fields_for_next_2_dropdowns_and_clicks_save()&amp#27;[0m
  &amp#27;[32m* &amp#27;[0m&amp#27;[32memployee clicks on language check box in the previously saved languages table&amp#27;[0m &amp#27;[90m# steps.EmployeeAddLanguageSteps.employee_clicks_on_language_check_box_in_the_previously_saved_languages_table()&amp#27;[0m
  &amp#27;[32m* &amp#27;[0m&amp#27;[32memployee clicks on delete button&amp#27;[0m                                              &amp#27;[90m# steps.EmployeeAddLanguageSteps.employee_clicks_on_delete_button()&amp#27;[0m
  &amp#27;[32mThen &amp#27;[0m&amp#27;[32mthe previously saved language is deleted&amp#27;[0m                                   &amp#27;[90m# steps.EmployeeAddLanguageSteps.the_previously_saved_language_is_deleted()&amp#27;[0m

    Embedding Employee can delete previously saved language proficiency details [image/png 53440 bytes]

]]></system-out>
    <system-err><![CDATA[Nov 12, 2023 2:26:02 PM org.openqa.selenium.devtools.CdpVersionFinder findNearestMatch
WARNING: Unable to find an exact match for CDP version 119, so returning the closest version found: 115
]]></system-err>
  </testcase>
  <testcase name="Login with only valid password" classname="Login Functionality" time="7.831">
    <system-out><![CDATA[
@LoginIncorrectCredentials @regression @test1 @passed
Scenario: Login with only valid password                          &amp#27;[90m# src/test/resources/features/InvalidLogin.feature:3&amp#27;[0m
  &amp#27;[32mWhen &amp#27;[0m&amp#27;[32muser enters only valid password&amp#27;[0m                            &amp#27;[90m# steps.InvalidLoginSteps.user_enters_only_valid_password()&amp#27;[0m
  &amp#27;[32mAnd &amp#27;[0m&amp#27;[32muser clicks on the login button&amp#27;[0m                             &amp#27;[90m# steps.InvalidLoginSteps.user_clicks_on_the_login_button()&amp#27;[0m
  &amp#27;[32mThen &amp#27;[0m&amp#27;[32merror message Username cannot be empty should be displayed&amp#27;[0m &amp#27;[90m# steps.InvalidLoginSteps.error_message_username_cannot_be_empty_should_be_displayed()&amp#27;[0m

    Embedding Login with only valid password [image/png 150571 bytes]

]]></system-out>
    <system-err><![CDATA[Nov 12, 2023 2:26:18 PM org.openqa.selenium.devtools.CdpVersionFinder findNearestMatch
WARNING: Unable to find an exact match for CDP version 119, so returning the closest version found: 115
]]></system-err>
  </testcase>
  <testcase name="Login with only valid user name" classname="Login Functionality" time="8.307">
    <system-out><![CDATA[
@LoginIncorrectCredentials @regression @test2 @passed
Scenario: Login with only valid user name                         &amp#27;[90m# src/test/resources/features/InvalidLogin.feature:9&amp#27;[0m
  &amp#27;[32mWhen &amp#27;[0m&amp#27;[32muser enters only valid user name&amp#27;[0m                           &amp#27;[90m# steps.InvalidLoginSteps.user_enters_only_valid_user_name()&amp#27;[0m
  &amp#27;[32mAnd &amp#27;[0m&amp#27;[32muser clicks on the login button&amp#27;[0m                             &amp#27;[90m# steps.InvalidLoginSteps.user_clicks_on_the_login_button()&amp#27;[0m
  &amp#27;[32mThen &amp#27;[0m&amp#27;[32merror message Password cannot be empty should be displayed&amp#27;[0m &amp#27;[90m# steps.InvalidLoginSteps.error_message_password_cannot_be_empty_should_be_displayed()&amp#27;[0m

    Embedding Login with only valid user name [image/png 151223 bytes]

]]></system-out>
    <system-err><![CDATA[Nov 12, 2023 2:26:25 PM org.openqa.selenium.devtools.CdpVersionFinder findNearestMatch
WARNING: Unable to find an exact match for CDP version 119, so returning the closest version found: 115
]]></system-err>
  </testcase>
  <testcase name="User can correct their inputs and attempt to log in again" classname="Login Functionality" time="8.61">
    <system-out><![CDATA[
@LoginCorrectCredentials @regression @test5 @passed
Scenario: User can correct their inputs and attempt to log in again                     &amp#27;[90m# src/test/resources/features/InvalidLogin.feature:32&amp#27;[0m
  &amp#27;[32mWhen &amp#27;[0m&amp#27;[32muser enters incorrect user name&amp#27;[0m                                                  &amp#27;[90m# steps.InvalidLoginSteps.user_enters_incorrect_user_name()&amp#27;[0m
  &amp#27;[32mAnd &amp#27;[0m&amp#27;[32muser enters incorrect password&amp#27;[0m                                                    &amp#27;[90m# steps.InvalidLoginSteps.user_enters_incorrect_password()&amp#27;[0m
  &amp#27;[32mAnd &amp#27;[0m&amp#27;[32muser clicks on the login button&amp#27;[0m                                                   &amp#27;[90m# steps.InvalidLoginSteps.user_clicks_on_the_login_button()&amp#27;[0m
  &amp#27;[32mAnd &amp#27;[0m&amp#27;[32muser enters valid user name&amp#27;[0m                                                       &amp#27;[90m# steps.InvalidLoginSteps.user_enters_valid_user_name()&amp#27;[0m
  &amp#27;[32mAnd &amp#27;[0m&amp#27;[32muser enters valid password&amp#27;[0m                                                        &amp#27;[90m# steps.InvalidLoginSteps.user_enters_valid_password()&amp#27;[0m
  &amp#27;[32mThen &amp#27;[0m&amp#27;[32mSystem should allow the user to correct their input and attempt to log in again.&amp#27;[0m &amp#27;[90m# steps.InvalidLoginSteps.system_should_allow_the_user_to_correct_their_input_and_attempt_to_log_in_again()&amp#27;[0m

    Embedding User can correct their inputs and attempt to log in again [image/png 150903 bytes]

]]></system-out>
    <system-err><![CDATA[Nov 12, 2023 2:26:33 PM org.openqa.selenium.devtools.CdpVersionFinder findNearestMatch
WARNING: Unable to find an exact match for CDP version 119, so returning the closest version found: 115
]]></system-err>
  </testcase>
  <testcase name="Employee can Edits Personal Information" classname="Editing Employee Personal Information" time="12.319">
    <system-out><![CDATA[
@editEmployeeInfo @test987 @regression @passed
Scenario: Employee can Edits Personal Information              &amp#27;[90m# src/test/resources/features/editEmployeeInfo.feature:12&amp#27;[0m
  &amp#27;[32mWhen &amp#27;[0m&amp#27;[32memployee enters username password&amp#27;[0m                       &amp#27;[90m# steps.EditEmployeeSteps.employee_enters_username_password()&amp#27;[0m
  &amp#27;[32mThen &amp#27;[0m&amp#27;[32memployee clicks on the login button&amp#27;[0m                     &amp#27;[90m# steps.EditEmployeeSteps.employee_clicks_on_the_login_button()&amp#27;[0m
  &amp#27;[32mWhen &amp#27;[0m&amp#27;[32memployee clicks on the My Info button&amp#27;[0m                   &amp#27;[90m# steps.EditEmployeeSteps.employee_clicks_on_the_my_info_button()&amp#27;[0m
  &amp#27;[32mAnd &amp#27;[0m&amp#27;[32memployee clicks on Edit Button&amp#27;[0m                           &amp#27;[90m# steps.EditEmployeeSteps.employee_clicks_on_the_edit_button()&amp#27;[0m
  &amp#27;[32mAnd &amp#27;[0m&amp#27;[32memployee enters updated personal information&amp#27;[0m             &amp#27;[90m# steps.EditEmployeeSteps.employee_enters_updated_personal_information()&amp#27;[0m
  &amp#27;[32mAnd &amp#27;[0m&amp#27;[32memployee saves the changes by clicking on Save Button&amp#27;[0m    &amp#27;[90m# steps.EditEmployeeSteps.employee_saves_the_changes_by_clicking_on_the_save_button()&amp#27;[0m
Information has been updated
  &amp#27;[32mThen &amp#27;[0m&amp#27;[32memployee's personal information is successfully updated&amp#27;[0m &amp#27;[90m# steps.EditEmployeeSteps.employee_s_personal_information_is_successfully_updated()&amp#27;[0m

    Embedding Employee can Edits Personal Information [image/png 126478 bytes]

]]></system-out>
    <system-err><![CDATA[Nov 12, 2023 2:26:42 PM org.openqa.selenium.devtools.CdpVersionFinder findNearestMatch
WARNING: Unable to find an exact match for CDP version 119, so returning the closest version found: 115
]]></system-err>
  </testcase>
  <testcase name="Add a Membership details" classname="Employee Membership Management" time="15.797">
    <system-out><![CDATA[
@membership @regression @passed
Scenario: Add a Membership details                                                                                     &amp#27;[90m# src/test/resources/features/membershipSection.feature:16&amp#27;[0m
  &amp#27;[32mWhen &amp#27;[0m&amp#27;[32memployee enters username and password&amp#27;[0m                                                                           &amp#27;[90m# steps.membershipSectionSteps.employee_enters_username_and_password()&amp#27;[0m
  &amp#27;[32mAnd &amp#27;[0m&amp#27;[32muser clicks on login button&amp#27;[0m                                                                                      &amp#27;[90m# steps.LoginSteps.user_clicks_on_login_button()&amp#27;[0m
  &amp#27;[32mThen &amp#27;[0m&amp#27;[32muser is successfully logged in&amp#27;[0m                                                                                  &amp#27;[90m# steps.LoginSteps.user_is_successfully_logged_in()&amp#27;[0m
  &amp#27;[32mWhen &amp#27;[0m&amp#27;[32mthe employee accesses their profile&amp#27;[0m                                                                             &amp#27;[90m# steps.membershipSectionSteps.the_employee_accesses_their_profile()&amp#27;[0m
  &amp#27;[32mAnd &amp#27;[0m&amp#27;[32mnavigates to the membership section&amp#27;[0m                                                                              &amp#27;[90m# steps.membershipSectionSteps.navigates_to_the_membership_section()&amp#27;[0m
  &amp#27;[32mThen &amp#27;[0m&amp#27;[32mthe employee should be able to view the membership details&amp#27;[0m                                                      &amp#27;[90m# steps.membershipSectionSteps.the_employee_should_be_able_to_view_the_membership_details()&amp#27;[0m
  &amp#27;[32mWhen &amp#27;[0m&amp#27;[32mthe employee selects the membership type from the dropdown field and validate that is filled in&amp#27;[0m                 &amp#27;[90m# steps.membershipSectionSteps.the_employee_selects_the_membership_type_from_the_dropdown_field_and_validate_that_is_filled_in()&amp#27;[0m
  &amp#27;[32mAnd &amp#27;[0m&amp#27;[32mselects the entity that paid for the subscription paid by from the dropdown field and validate that is filled in&amp#27;[0m &amp#27;[90m# steps.membershipSectionSteps.selects_the_entity_that_paid_for_the_subscription_paid_by_from_the_dropdown_field_and_validate_that_is_filled_in()&amp#27;[0m
  &amp#27;[32mAnd &amp#27;[0m&amp#27;[32menters the subscription amount in the text box and validate that is filled in&amp#27;[0m                                    &amp#27;[90m# steps.membershipSectionSteps.enters_the_subscription_amount_in_the_text_box_and_validate_that_is_filled_in()&amp#27;[0m
  &amp#27;[32mAnd &amp#27;[0m&amp#27;[32mselects the currency used for the subscription from the dropdown field&amp#27;[0m                                           &amp#27;[90m# steps.membershipSectionSteps.selects_the_currency_used_for_the_subscription_from_the_dropdown_field()&amp#27;[0m
  &amp#27;[32mAnd &amp#27;[0m&amp#27;[32mselects the subscription commence date from the calendar and validate that is filled in&amp#27;[0m                          &amp#27;[90m# steps.membershipSectionSteps.selects_the_subscription_commence_date_from_the_calendar_and_validate_that_is_filled_in()&amp#27;[0m
  &amp#27;[32mAnd &amp#27;[0m&amp#27;[32mselects the subscription renewal date from the calendar&amp#27;[0m                                                          &amp#27;[90m# steps.membershipSectionSteps.selects_the_subscription_renewal_date_from_the_calendar()&amp#27;[0m
  &amp#27;[32mAnd &amp#27;[0m&amp#27;[32mclicks on the save button&amp#27;[0m                                                                                        &amp#27;[90m# steps.membershipSectionSteps.clicks_on_the_save_button()&amp#27;[0m
  &amp#27;[32mThen &amp#27;[0m&amp#27;[32mthe system should store the membership details in the employee's profile&amp#27;[0m                                        &amp#27;[90m# steps.membershipSectionSteps.the_system_should_store_the_membership_details_in_the_employee_s_profile()&amp#27;[0m

    Embedding Add a Membership details [image/png 124476 bytes]

]]></system-out>
    <system-err><![CDATA[Nov 12, 2023 2:26:55 PM org.openqa.selenium.devtools.CdpVersionFinder findNearestMatch
WARNING: Unable to find an exact match for CDP version 119, so returning the closest version found: 115
]]></system-err>
  </testcase>
  <testcase name="Editing Previously Saved Membership Details" classname="Employee Membership Management" time="15.253">
    <system-out><![CDATA[
@membership @regression @passed
Scenario: Editing Previously Saved Membership Details                            &amp#27;[90m# src/test/resources/features/membershipSection.feature:27&amp#27;[0m
  &amp#27;[32mWhen &amp#27;[0m&amp#27;[32memployee enters username and password&amp#27;[0m                                     &amp#27;[90m# steps.membershipSectionSteps.employee_enters_username_and_password()&amp#27;[0m
  &amp#27;[32mAnd &amp#27;[0m&amp#27;[32muser clicks on login button&amp#27;[0m                                                &amp#27;[90m# steps.LoginSteps.user_clicks_on_login_button()&amp#27;[0m
  &amp#27;[32mThen &amp#27;[0m&amp#27;[32muser is successfully logged in&amp#27;[0m                                            &amp#27;[90m# steps.LoginSteps.user_is_successfully_logged_in()&amp#27;[0m
  &amp#27;[32mWhen &amp#27;[0m&amp#27;[32mthe employee accesses their profile&amp#27;[0m                                       &amp#27;[90m# steps.membershipSectionSteps.the_employee_accesses_their_profile()&amp#27;[0m
  &amp#27;[32mAnd &amp#27;[0m&amp#27;[32mnavigates to the membership section&amp#27;[0m                                        &amp#27;[90m# steps.membershipSectionSteps.navigates_to_the_membership_section()&amp#27;[0m
  &amp#27;[32mThen &amp#27;[0m&amp#27;[32mthe employee should be able to view the membership details&amp#27;[0m                &amp#27;[90m# steps.membershipSectionSteps.the_employee_should_be_able_to_view_the_membership_details()&amp#27;[0m
  &amp#27;[32mWhen &amp#27;[0m&amp#27;[32mthe employee selects the previously saved membership details&amp#27;[0m              &amp#27;[90m# steps.membershipSectionSteps.the_employee_selects_the_previously_saved_membership_details()&amp#27;[0m
  &amp#27;[32mAnd &amp#27;[0m&amp#27;[32mmakes the necessary edits&amp#27;[0m                                                  &amp#27;[90m# steps.membershipSectionSteps.makes_the_necessary_edits()&amp#27;[0m
  &amp#27;[32mAnd &amp#27;[0m&amp#27;[32mclicks on the save button after editing&amp#27;[0m                                    &amp#27;[90m# steps.membershipSectionSteps.clicks_on_the_save_button_2()&amp#27;[0m
  &amp#27;[32mThen &amp#27;[0m&amp#27;[32mthe system should update the membership details in the employee's profile&amp#27;[0m &amp#27;[90m# steps.membershipSectionSteps.the_system_should_update_the_membership_details_in_the_employee_s_profile()&amp#27;[0m

    Embedding Editing Previously Saved Membership Details [image/png 124063 bytes]

]]></system-out>
    <system-err><![CDATA[Nov 12, 2023 2:27:10 PM org.openqa.selenium.devtools.CdpVersionFinder findNearestMatch
WARNING: Unable to find an exact match for CDP version 119, so returning the closest version found: 115
]]></system-err>
  </testcase>
  <testcase name="Displaying Membership Details on Profile Page" classname="Employee Membership Management" time="11.926">
    <system-out><![CDATA[
@membership @regression @passed
Scenario: Displaying Membership Details on Profile Page                           &amp#27;[90m# src/test/resources/features/membershipSection.feature:36&amp#27;[0m
  &amp#27;[32mWhen &amp#27;[0m&amp#27;[32memployee enters username and password&amp#27;[0m                                      &amp#27;[90m# steps.membershipSectionSteps.employee_enters_username_and_password()&amp#27;[0m
  &amp#27;[32mAnd &amp#27;[0m&amp#27;[32muser clicks on login button&amp#27;[0m                                                 &amp#27;[90m# steps.LoginSteps.user_clicks_on_login_button()&amp#27;[0m
  &amp#27;[32mThen &amp#27;[0m&amp#27;[32muser is successfully logged in&amp#27;[0m                                             &amp#27;[90m# steps.LoginSteps.user_is_successfully_logged_in()&amp#27;[0m
  &amp#27;[32mWhen &amp#27;[0m&amp#27;[32mthe employee accesses their profile&amp#27;[0m                                        &amp#27;[90m# steps.membershipSectionSteps.the_employee_accesses_their_profile()&amp#27;[0m
  &amp#27;[32mAnd &amp#27;[0m&amp#27;[32mnavigates to the membership section&amp#27;[0m                                         &amp#27;[90m# steps.membershipSectionSteps.navigates_to_the_membership_section()&amp#27;[0m
  &amp#27;[32mThen &amp#27;[0m&amp#27;[32mthe employee should be able to view the membership details&amp#27;[0m                 &amp#27;[90m# steps.membershipSectionSteps.the_employee_should_be_able_to_view_the_membership_details()&amp#27;[0m
  &amp#27;[32mThen &amp#27;[0m&amp#27;[32mthe membership details should be displayed in a clear and organized format&amp#27;[0m &amp#27;[90m# steps.membershipSectionSteps.the_membership_details_should_be_displayed_in_a_clear_and_organized_format()&amp#27;[0m

    Embedding Displaying Membership Details on Profile Page [image/png 118548 bytes]

]]></system-out>
    <system-err><![CDATA[Nov 12, 2023 2:27:25 PM org.openqa.selenium.devtools.CdpVersionFinder findNearestMatch
WARNING: Unable to find an exact match for CDP version 119, so returning the closest version found: 115
]]></system-err>
  </testcase>
  <testcase name="Deleting Previously Saved Membership Details" classname="Employee Membership Management" time="12.549">
    <system-out><![CDATA[
@membership @regression @passed
Scenario: Deleting Previously Saved Membership Details                                    &amp#27;[90m# src/test/resources/features/membershipSection.feature:41&amp#27;[0m
  &amp#27;[32mWhen &amp#27;[0m&amp#27;[32memployee enters username and password&amp#27;[0m                                              &amp#27;[90m# steps.membershipSectionSteps.employee_enters_username_and_password()&amp#27;[0m
  &amp#27;[32mAnd &amp#27;[0m&amp#27;[32muser clicks on login button&amp#27;[0m                                                         &amp#27;[90m# steps.LoginSteps.user_clicks_on_login_button()&amp#27;[0m
  &amp#27;[32mThen &amp#27;[0m&amp#27;[32muser is successfully logged in&amp#27;[0m                                                     &amp#27;[90m# steps.LoginSteps.user_is_successfully_logged_in()&amp#27;[0m
  &amp#27;[32mWhen &amp#27;[0m&amp#27;[32mthe employee accesses their profile&amp#27;[0m                                                &amp#27;[90m# steps.membershipSectionSteps.the_employee_accesses_their_profile()&amp#27;[0m
  &amp#27;[32mAnd &amp#27;[0m&amp#27;[32mnavigates to the membership section&amp#27;[0m                                                 &amp#27;[90m# steps.membershipSectionSteps.navigates_to_the_membership_section()&amp#27;[0m
  &amp#27;[32mThen &amp#27;[0m&amp#27;[32mthe employee should be able to view the membership details&amp#27;[0m                         &amp#27;[90m# steps.membershipSectionSteps.the_employee_should_be_able_to_view_the_membership_details()&amp#27;[0m
  &amp#27;[32mWhen &amp#27;[0m&amp#27;[32mthe employee selects the previously saved membership details in membership profile&amp#27;[0m &amp#27;[90m# steps.membershipSectionSteps.the_employee_selects_the_previously_saved_membership_details_in_membership_profile()&amp#27;[0m
  &amp#27;[32mAnd &amp#27;[0m&amp#27;[32mclicks on the delete button&amp#27;[0m                                                         &amp#27;[90m# steps.membershipSectionSteps.clicks_on_the_delete_button1()&amp#27;[0m
  &amp#27;[32mThen &amp#27;[0m&amp#27;[32mthe system should remove the membership details from the employee's profile&amp#27;[0m        &amp#27;[90m# steps.membershipSectionSteps.the_system_should_remove_the_membership_details_from_the_employee_s_profile()&amp#27;[0m

    Embedding Deleting Previously Saved Membership Details [image/png 116903 bytes]

]]></system-out>
    <system-err><![CDATA[Nov 12, 2023 2:27:38 PM org.openqa.selenium.devtools.CdpVersionFinder findNearestMatch
WARNING: Unable to find an exact match for CDP version 119, so returning the closest version found: 115
]]></system-err>
  </testcase>
</testsuite>